<?xml version="1.0" encoding="UTF-8"?>
<!-- Generated by org.testng.reporters.JUnitXMLReporter -->
<testsuite ignored="0" hostname="anjrwt" failures="0" tests="1" name="Test-Runner-1" time="79.51" errors="0" timestamp="2023-11-01T11:10:06 IST">
  <testcase classname="contactTests.CreateContactTest" name="CreateNewContactTest" time="79.385"/>
</testsuite> <!-- Test-Runner-1 -->
