<?xml version="1.0" encoding="UTF-8"?>
<!-- Generated by org.testng.reporters.JUnitXMLReporter -->
<testsuite ignored="0" hostname="anjrwt" failures="0" tests="1" name="Test-Runner-chrome" time="91.776" errors="0" timestamp="2023-11-01T11:47:19 IST">
  <testcase classname="contactTests.CreateContactTest" name="CreateNewContactTest" time="91.614"/>
</testsuite> <!-- Test-Runner-chrome -->
