<?xml version="1.0" encoding="UTF-8"?>
<!-- Generated by org.testng.reporters.JUnitReportReporter -->
<testsuite hostname="anjrwt" failures="0" tests="1" name="contactTests.CreateContactTest" time="0.024" errors="0" timestamp="2023-11-09T10:46:26 IST" skipped="0">
  <testcase classname="contactTests.CreateContactTest" name="demo" time="0.024"/>
  <system-out/>
</testsuite> <!-- contactTests.CreateContactTest -->
